Build started 02.11.2015 14:39:24.
     1>Project "C:\Users\dev poudel\documents\visual studio 2010\Projects\ImageProc\ImageProc\ImageProc.vcxproj" on node 2 (build target(s)).
     1>InitializeBuildStatus:
         Creating "Debug\ImageProc.unsuccessfulbuild" because "AlwaysCreate" was specified.
       ClCompile:
         All outputs are up-to-date.
         C:\Program Files (x86)\Microsoft Visual Studio 10.0\VC\bin\CL.exe /c /ZI /nologo /W3 /WX- /Od /Oy- /D WIN32 /D _DEBUG /D _CONSOLE /D _UNICODE /D UNICODE /Gm /EHsc /RTC1 /MDd /GS /fp:precise /Zc:wchar_t /Zc:forScope /Yu"StdAfx.h" /Fp"Debug\ImageProc.pch" /Fo"Debug\\" /Fd"Debug\vc100.pdb" /Gd /TP /analyze- /errorReport:prompt ImageProc.cpp
         ImageProc.cpp
       ManifestResourceCompile:
         All outputs are up-to-date.
       Link:
         C:\Program Files (x86)\Microsoft Visual Studio 10.0\VC\bin\link.exe /ERRORREPORT:PROMPT /OUT:"C:\Users\dev poudel\documents\visual studio 2010\Projects\ImageProc\Debug\ImageProc.exe" /INCREMENTAL /NOLOGO opencv_calib3d2411d.lib opencv_contrib2411d.lib opencv_core2411d.lib opencv_features2d2411d.lib opencv_flann2411d.lib opencv_gpu2411d.lib opencv_highgui2411d.lib opencv_imgproc2411d.lib opencv_legacy2411d.lib opencv_ml2411d.lib opencv_nonfree2411d.lib opencv_objdetect2411d.lib opencv_photo2411d.lib opencv_stitching2411d.lib opencv_ts2411d.lib opencv_video2411d.lib opencv_videostab2411d.lib kernel32.lib user32.lib gdi32.lib winspool.lib comdlg32.lib advapi32.lib shell32.lib ole32.lib oleaut32.lib uuid.lib odbc32.lib odbccp32.lib /MANIFEST /ManifestFile:"Debug\ImageProc.exe.intermediate.manifest" /MANIFESTUAC:"level='asInvoker' uiAccess='false'" /DEBUG /PDB:"C:\Users\dev poudel\documents\visual studio 2010\Projects\ImageProc\Debug\ImageProc.pdb" /SUBSYSTEM:CONSOLE /TLBID:1 /DYNAMICBASE /NXCOMPAT /IMPLIB:"C:\Users\dev poudel\documents\visual studio 2010\Projects\ImageProc\Debug\ImageProc.lib" /MACHINE:X86 Debug\ImageProc.exe.embed.manifest.res
         Debug\ImageProc.obj
         Debug\stdafx.obj
       Manifest:
         C:\Program Files (x86)\Microsoft SDKs\Windows\v7.0A\bin\mt.exe /nologo /verbose /out:"Debug\ImageProc.exe.embed.manifest" /manifest Debug\ImageProc.exe.intermediate.manifest
         All outputs are up-to-date.
       LinkEmbedManifest:
         All outputs are up-to-date.
         ImageProc.vcxproj -> C:\Users\dev poudel\documents\visual studio 2010\Projects\ImageProc\Debug\ImageProc.exe
       FinalizeBuildStatus:
         Deleting file "Debug\ImageProc.unsuccessfulbuild".
         Touching "Debug\ImageProc.lastbuildstate".
     1>Done Building Project "C:\Users\dev poudel\documents\visual studio 2010\Projects\ImageProc\ImageProc\ImageProc.vcxproj" (build target(s)).

Build succeeded.

Time Elapsed 00:00:03.09
